<?xml version="1.0" encoding="UTF-8"?>
<!-- Generated by org.testng.reporters.JUnitXMLReporter -->
<testsuite ignored="0" hostname="LAPTOP-077COGF2" failures="1" tests="2" name="Open Account Test" time="22.862" errors="0" timestamp="16 Aug 2022 00:28:37 GMT">
  <testcase classname="com.w2a.testcases.OpenAccountTest" name="openAccountTest" time="20.394">
    <failure type="org.openqa.selenium.NoSuchElementException" message="Cannot locate element with text: Raman Arora
For documentation on this error, please visit: https://www.seleniumhq.org/exceptions/no_such_element.html
Build info: version: &amp;apos;3.141.59&amp;apos;, revision: &amp;apos;e82be7d358&amp;apos;, time: &amp;apos;2018-11-14T08:17:03&amp;apos;
System info: host: &amp;apos;LAPTOP-077COGF2&amp;apos;, ip: &amp;apos;169.254.62.180&amp;apos;, os.name: &amp;apos;Windows 10&amp;apos;, os.arch: &amp;apos;amd64&amp;apos;, os.version: &amp;apos;10.0&amp;apos;, java.version: &amp;apos;16.0.1&amp;apos;
Driver info: driver.version: unknown">
      <![CDATA[org.openqa.selenium.NoSuchElementException: Cannot locate element with text: Raman Arora
For documentation on this error, please visit: https://www.seleniumhq.org/exceptions/no_such_element.html
Build info: version: '3.141.59', revision: 'e82be7d358', time: '2018-11-14T08:17:03'
System info: host: 'LAPTOP-077COGF2', ip: '169.254.62.180', os.name: 'Windows 10', os.arch: 'amd64', os.version: '10.0', java.version: '16.0.1'
Driver info: driver.version: unknown
at org.openqa.selenium.support.ui.Select.selectByVisibleText(Select.java:147)
at com.w2a.base.TestBase.select(TestBase.java:170)
at com.w2a.testcases.OpenAccountTest.openAccountTest(OpenAccountTest.java:26)
... Removed 25 stack frames]]>
    </failure>
  </testcase> <!-- openAccountTest -->
  <testcase classname="com.w2a.testcases.OpenAccountTest" name="openAccountTest" time="2.268"/>
</testsuite> <!-- Open Account Test -->
